Log file created on Mon Feb 10 15:29:22 MST 2020
IMPORTANT:
Because updating this file after every log message would kill
performance, it will be *incomplete* unless you invoke the
Utilities->Troubleshooting->Update Activity Log on Disk command!
3:29:19 PM [main] [message] Log: When reporting bugs, please include the following information:
3:29:19 PM [main] [message] Log: java.version=1.8.0_181
3:29:19 PM [main] [message] Log: java.vm.version=25.181-b13
3:29:19 PM [main] [message] Log: java.vm.name=Java HotSpot(TM) 64-Bit Server VM
3:29:19 PM [main] [message] Log: java.runtime.version=1.8.0_181-b13
3:29:19 PM [main] [message] Log: java.runtime.name=Java(TM) SE Runtime Environment
3:29:19 PM [main] [message] Log: java.vendor=Oracle Corporation
3:29:19 PM [main] [message] Log: java.compiler=null
3:29:19 PM [main] [message] Log: os.name=Mac OS X
3:29:19 PM [main] [message] Log: os.version=10.15.3
3:29:19 PM [main] [message] Log: os.arch=x86_64
3:29:19 PM [main] [message] Log: user.home=/Users/alexacevedo
3:29:19 PM [main] [message] Log: java.home=/Library/Java/JavaVirtualMachines/jdk1.8.0_181.jdk/Contents/Home/jre
3:29:19 PM [main] [message] Log: java.class.path=/Users/alexacevedo/Desktop/CS/CS471/jEdit/build/jedit.jar
3:29:19 PM [main] [message] jEdit: starting with command line arguments: -settings=/Users/alexacevedo/Desktop/CS/CS471/jEdit/build/settings
3:29:19 PM [main] [debug] jEdit: before splash screen activation:31 ms
3:29:22 PM [main] [debug] jEdit: after splash screen activation:2564 ms
3:29:22 PM [main] [debug] MiscUtilities: Saving backup of file "/Users/alexacevedo/Desktop/CS/CS471/jEdit/build/settings/activity.log" to "/Users/alexacevedo/Desktop/CS/CS471/jEdit/build/settings/settings-backup/activity.log~1~"
3:29:22 PM [main] [notice] jEdit: jEdit version 5.5.0
3:29:22 PM [main] [message] jEdit: Settings directory is /Users/alexacevedo/Desktop/CS/CS471/jEdit/build/settings
3:29:22 PM [main] [message] jEdit: jEdit home directory is /Users/alexacevedo/Desktop/CS/CS471/jEdit/build
3:29:22 PM [main] [debug] SplashScreen: init:77/2287ms
3:29:22 PM [main] [debug] SplashScreen: init system properties:11/2298ms
3:29:22 PM [main] [message] BeanShell: Beanshell Init
3:29:22 PM [main] [debug] SplashScreen: init beanshell:32/2330ms
3:29:22 PM [main] [debug] SplashScreen: loading site properties:1/2331ms
3:29:22 PM [main] [debug] SplashScreen: loading user properties:2/2333ms
3:29:22 PM [main] [debug] GUIUtilities: Icon theme set to: tango
3:29:22 PM [main] [debug] GUIUtilities: Loading icon theme from: jeditresource:/org/gjt/sp/jedit/icons/themes/tango/
3:29:22 PM [main] [debug] SplashScreen: init GUI:1/2334ms
3:29:22 PM [main] [debug] EditServer: jEdit server started on port 60051
3:29:22 PM [main] [debug] EditServer: Authorization key is 955962922
3:29:22 PM [main] [debug] SplashScreen: init server:25/2359ms
3:29:22 PM [main] [debug] jEdit: initPLAF non-edt old=com.apple.laf.AquaLookAndFeel requested=null new=com.apple.laf.AquaLookAndFeel
3:29:22 PM [main] [debug] SplashScreen: init look and feel:3/2362ms
3:29:22 PM [main] [debug] SplashScreen: init VFS Manager:1/2363ms
3:29:22 PM [main] [debug] ActionSet: Loading actions from jar:file:/Users/alexacevedo/Desktop/CS/CS471/jEdit/build/jedit.jar!/org/gjt/sp/jedit/actions.xml
3:29:22 PM [main] [debug] DockableWindowManager: Loading dockables from jar:file:/Users/alexacevedo/Desktop/CS/CS471/jEdit/build/jedit.jar!/org/gjt/sp/jedit/dockables.xml
3:29:22 PM [main] [debug] SplashScreen: init resources:48/2411ms
3:29:22 PM [AWT-EventQueue-0] [debug] EditBus: SearchSettingsChanged[source=null]
3:29:22 PM [main] [debug] SplashScreen: Migrate keymaps:21/2432ms
3:29:22 PM [main] [notice] jEdit: Loading plugins from /Users/alexacevedo/Desktop/CS/CS471/jEdit/build/jars
3:29:22 PM [AWT-EventQueue-0] [debug] EditBus: PluginUpdate[what=LOADED,exit=false,version=1.3,source=/Users/alexacevedo/Desktop/CS/CS471/jEdit/build/jars/MacOSX.jar,class=macosx.MacOSXPlugin]
3:29:22 PM [AWT-EventQueue-0] [debug] EditBus: PluginUpdate[what=LOADED,exit=false,version=5.0,source=/Users/alexacevedo/Desktop/CS/CS471/jEdit/build/jars/QuickNotepad.jar,class=QuickNotepadPlugin]
3:29:22 PM [main] [notice] jEdit: Loading plugins from /Users/alexacevedo/Desktop/CS/CS471/jEdit/build/settings/jars
3:29:22 PM [main] [debug] SplashScreen: init plugins:9/2441ms
3:29:22 PM [main] [message] HistoryModel: Loading history
3:29:22 PM [main] [debug] SplashScreen: init history model:3/2444ms
3:29:22 PM [main] [message] BufferHistory: Loading /Users/alexacevedo/Desktop/CS/CS471/jEdit/build/settings/recent.xml
3:29:22 PM [main] [debug] SplashScreen: init buffer history:3/2447ms
3:29:22 PM [main] [message] KillRing: Loading /Users/alexacevedo/Desktop/CS/CS471/jEdit/build/settings/killring.xml
3:29:22 PM [main] [debug] SplashScreen: init killring:8/2455ms
3:29:22 PM [main] [debug] jEdit: initPLAF non-edt old=com.apple.laf.AquaLookAndFeel requested=null new=com.apple.laf.AquaLookAndFeel
3:29:22 PM [main] [debug] jEdit: SOCKS proxy disabled
3:29:22 PM [main] [debug] jEdit: HTTP proxy disabled
3:29:22 PM [AWT-EventQueue-0] [debug] EditBus: PropertiesChanged[source=null]
3:29:22 PM [main] [debug] SplashScreen: init various properties:56/2511ms
3:29:22 PM [main] [message] jEdit: Loading mode catalog file /Users/alexacevedo/Desktop/CS/CS471/jEdit/build/modes/catalog
3:29:22 PM [main] [message] jEdit: Loading mode catalog file /Users/alexacevedo/Desktop/CS/CS471/jEdit/build/settings/modes/catalog
3:29:22 PM [main] [debug] SplashScreen: init modes:31/2542ms
3:29:22 PM [main] [debug] PluginJAR: Activating macosx.MacOSXPlugin because of startup
3:29:22 PM [main] [debug] PluginJAR: Opening /Users/alexacevedo/Desktop/CS/CS471/jEdit/build/jars/MacOSX.jar
3:29:22 PM [main] [debug] SplashScreen: activate plugins:6/2548ms
3:29:22 PM [AWT-EventQueue-0] [debug] EditBus: PluginUpdate[what=ACTIVATED,exit=false,version=1.3,source=/Users/alexacevedo/Desktop/CS/CS471/jEdit/build/jars/MacOSX.jar,class=macosx.MacOSXPlugin]
3:29:22 PM [main] [debug] Macros: Registered beanshell macro handler
3:29:22 PM [AWT-EventQueue-0] [debug] EditBus: DynamicMenuChanged[menu=macros,source=null]
3:29:22 PM [main] [debug] SplashScreen: init macros:12/2560ms
3:29:22 PM [main] [message] BeanShell: Running script /Users/alexacevedo/Desktop/CS/CS471/jEdit/build/startup/startup.bsh
3:29:22 PM [main] [notice] jEdit$5: Loading edit mode /Users/alexacevedo/Desktop/CS/CS471/jEdit/build/modes/text.xml
3:29:22 PM [main] [debug] String: BeanShell interpreter version 2.0b4-jedit
3:29:22 PM [main] [debug] SplashScreen: run startup scripts:70/2630ms
3:29:22 PM [main] [debug] SplashScreen: run startup scripts:1/2631ms
3:29:22 PM [main] [debug] SplashScreen: run startup scripts:1/2631ms
3:29:22 PM [main] [debug] jEdit: main done:2996 ms
3:29:22 PM [AWT-EventQueue-0] [message] PerspectiveManager: Loading /Users/alexacevedo/Desktop/CS/CS471/jEdit/build/settings/perspective.xml
3:29:22 PM [AWT-EventQueue-0] [debug] EditBus: BufferUpdate[what=PROPERTIES_CHANGED,view=null,source=Untitled-1 (~/Downloads/jEdit/)]
3:29:22 PM [AWT-EventQueue-0] [debug] EditBus: BufferUpdate[what=CREATED,view=null,source=Untitled-1 (~/Downloads/jEdit/)]
3:29:22 PM [AWT-EventQueue-0] [debug] EditBus: BufferUpdate[what=LOAD_STARTED,view=null,source=Untitled-1 (~/Downloads/jEdit/)]
3:29:22 PM [AWT-EventQueue-0] [debug] EditBus: BufferUpdate[what=LOADED,view=null,source=Untitled-1 (~/Downloads/jEdit/)]
3:29:22 PM [AWT-EventQueue-0] [debug] BufferSet: 2020840282: addBufferSetListener org.gjt.sp.jedit.EditPane[inactive]
3:29:22 PM [AWT-EventQueue-0] [debug] EditBus: BufferChanging[what=BUFFER_CHANGING,source=org.gjt.sp.jedit.EditPane[inactive]]
3:29:22 PM [AWT-EventQueue-0] [debug] BufferSet: 2020840282 addBufferAt(Untitled-1 (~/Downloads/jEdit/),-1)
3:29:22 PM [AWT-EventQueue-0] [debug] BufferSet: 2020840282: Buffer added Untitled-1 (~/Downloads/jEdit/) at 0
3:29:22 PM [AWT-EventQueue-0] [debug] EditBus: EditPaneUpdate[what=CREATED,source=org.gjt.sp.jedit.EditPane[inactive]]
3:29:22 PM [AWT-EventQueue-0] [debug] BufferSet: 2020840282 addBufferAt(Untitled-1 (~/Downloads/jEdit/),0)
3:29:22 PM [AWT-EventQueue-0] [debug] BufferSet: 2020840282 addBufferAt(Untitled-1 (~/Downloads/jEdit/),1)
3:29:22 PM [AWT-EventQueue-0] [debug] EditBus: ViewUpdate[what=CREATED,source=org.gjt.sp.jedit.View[active]]
3:29:23 PM [AWT-EventQueue-0] [debug] EditBus: EditorStarted[source=null]
3:29:23 PM [AWT-EventQueue-0] [message] jEdit: Startup complete: 3496 ms
3:29:23 PM [AWT-EventQueue-0] [debug] EditBus: ViewUpdate[what=VIEW_ACTIVATED,source=org.gjt.sp.jedit.View[active]]
3:29:23 PM [AWT-EventQueue-0] [debug] jEdit: checkBufferStatus for all buffers
3:29:23 PM [AWT-EventQueue-0] [debug] JEditTextArea: InputMethodSupport is activated
3:29:26 PM [AWT-EventQueue-0] [debug] EditBus: ViewUpdate[what=VIEW_ACTIVATED,source=org.gjt.sp.jedit.View[active]]
3:29:26 PM [AWT-EventQueue-0] [debug] jEdit: checkBufferStatus for all buffers
3:29:36 PM [AWT-EventQueue-0] [debug] jEdit: initPLAF edt old=com.apple.laf.AquaLookAndFeel requested=null new=com.apple.laf.AquaLookAndFeel
3:29:36 PM [AWT-EventQueue-0] [debug] jEdit: SOCKS proxy disabled
3:29:36 PM [AWT-EventQueue-0] [debug] jEdit: HTTP proxy disabled
3:29:36 PM [AWT-EventQueue-0] [debug] EditBus: BufferUpdate[what=PROPERTIES_CHANGED,view=null,source=Untitled-1 (~/Downloads/jEdit/)]
3:29:36 PM [AWT-EventQueue-0] [debug] EditBus: PropertiesChanged[source=null]
3:29:36 PM [AWT-EventQueue-0] [message] BufferHistory: Saving /Users/alexacevedo/Desktop/CS/CS471/jEdit/build/settings/recent.xml
3:29:36 PM [AWT-EventQueue-0] [debug] MiscUtilities: Saving backup of file "/Users/alexacevedo/Desktop/CS/CS471/jEdit/build/settings/recent.xml" to "/Users/alexacevedo/Desktop/CS/CS471/jEdit/build/settings/settings-backup/recent.xml~1~"
3:29:36 PM [AWT-EventQueue-0] [message] KillRing: Saving /Users/alexacevedo/Desktop/CS/CS471/jEdit/build/settings/killring.xml
3:29:36 PM [AWT-EventQueue-0] [debug] MiscUtilities: Saving backup of file "/Users/alexacevedo/Desktop/CS/CS471/jEdit/build/settings/killring.xml" to "/Users/alexacevedo/Desktop/CS/CS471/jEdit/build/settings/settings-backup/killring.xml~1~"
3:29:36 PM [AWT-EventQueue-0] [debug] MiscUtilities: Saving backup of file "/Users/alexacevedo/Desktop/CS/CS471/jEdit/build/settings/properties" to "/Users/alexacevedo/Desktop/CS/CS471/jEdit/build/settings/settings-backup/properties~1~"
3:29:36 PM [AWT-EventQueue-0] [debug] EditBus: ViewUpdate[what=VIEW_ACTIVATED,source=org.gjt.sp.jedit.View[active]]
3:29:36 PM [AWT-EventQueue-0] [debug] jEdit: checkBufferStatus for all buffers
3:29:40 PM [AWT-EventQueue-0] [debug] EditBus: EditorExitRequested[source=org.gjt.sp.jedit.View[active]]
3:29:40 PM [AWT-EventQueue-0] [message] PerspectiveManager: Saving /Users/alexacevedo/Desktop/CS/CS471/jEdit/build/settings/perspective.xml
3:29:40 PM [AWT-EventQueue-0] [debug] MiscUtilities: Saving backup of file "/Users/alexacevedo/Desktop/CS/CS471/jEdit/build/settings/perspective.xml" to "/Users/alexacevedo/Desktop/CS/CS471/jEdit/build/settings/settings-backup/perspective.xml~1~"
3:29:40 PM [AWT-EventQueue-0] [debug] EditBus: EditorExiting[source=null]
3:29:40 PM [AWT-EventQueue-0] [debug] EditBus: ViewUpdate[what=CLOSED,source=org.gjt.sp.jedit.View[active]]
3:29:40 PM [AWT-EventQueue-0] [debug] EditBus: EditPaneUpdate[what=DESTROYED,source=org.gjt.sp.jedit.EditPane[active]]
3:29:40 PM [AWT-EventQueue-0] [debug] BufferSet: 2020840282: Buffer removed Untitled-1 (~/Downloads/jEdit/)
3:29:40 PM [AWT-EventQueue-0] [debug] BufferSetManager: Buffer:Untitled-1 (~/Downloads/jEdit/) is in no bufferSet anymore, closing it
3:29:40 PM [AWT-EventQueue-0] [debug] EditBus: PluginUpdate[what=DEACTIVATED,exit=true,version=1.3,source=/Users/alexacevedo/Desktop/CS/CS471/jEdit/build/jars/MacOSX.jar,class=macosx.MacOSXPlugin]
3:29:40 PM [AWT-EventQueue-0] [debug] EditBus: PluginUpdate[what=UNLOADED,exit=true,version=1.3,source=/Users/alexacevedo/Desktop/CS/CS471/jEdit/build/jars/MacOSX.jar,class=macosx.MacOSXPlugin]
3:29:40 PM [AWT-EventQueue-0] [debug] EditBus: PluginUpdate[what=UNLOADED,exit=true,version=5.0,source=/Users/alexacevedo/Desktop/CS/CS471/jEdit/build/jars/QuickNotepad.jar,class=QuickNotepadPlugin]
3:29:40 PM [AWT-EventQueue-0] [message] HistoryModel: Saving history
3:29:40 PM [AWT-EventQueue-0] [debug] MiscUtilities: Saving backup of file "/Users/alexacevedo/Desktop/CS/CS471/jEdit/build/settings/history" to "/Users/alexacevedo/Desktop/CS/CS471/jEdit/build/settings/settings-backup/history~1~"
3:29:40 PM [AWT-EventQueue-0] [message] BufferHistory: Saving /Users/alexacevedo/Desktop/CS/CS471/jEdit/build/settings/recent.xml
3:29:40 PM [AWT-EventQueue-0] [debug] MiscUtilities: Saving backup of file "/Users/alexacevedo/Desktop/CS/CS471/jEdit/build/settings/recent.xml" to "/Users/alexacevedo/Desktop/CS/CS471/jEdit/build/settings/settings-backup/recent.xml~1~"
3:29:40 PM [AWT-EventQueue-0] [message] KillRing: Saving /Users/alexacevedo/Desktop/CS/CS471/jEdit/build/settings/killring.xml
3:29:40 PM [AWT-EventQueue-0] [debug] MiscUtilities: Saving backup of file "/Users/alexacevedo/Desktop/CS/CS471/jEdit/build/settings/killring.xml" to "/Users/alexacevedo/Desktop/CS/CS471/jEdit/build/settings/settings-backup/killring.xml~1~"
3:29:40 PM [AWT-EventQueue-0] [debug] MiscUtilities: Saving backup of file "/Users/alexacevedo/Desktop/CS/CS471/jEdit/build/settings/properties" to "/Users/alexacevedo/Desktop/CS/CS471/jEdit/build/settings/settings-backup/properties~1~"
